









pygame 2.6.1 (SDL 2.28.4, Python 3.10.4)
Hello from the pygame community. https://www.pygame.org/contribute.html
Starting the training
<PIL.Image.Image image mode=RGB size=352x288 at 0x72B0F57F9600>
Directory created successfully: /opt/notebooks/shielding_files_20241117T194754_6e2raxo5
/opt/Minigrid2PRISM/build/main -i /opt/notebooks/shielding_files_20241117T194754_6e2raxo5/grid.txt -o /opt/notebooks/shielding_files_20241117T194754_6e2raxo5/grid.prism
Computing new shield
LOG: Starting with explicit model creation...
Elapsed time is 1.243192434310913 seconds.
LOG: Starting with model checking...
Elapsed time is 0.18617010116577148 seconds.
LOG: Starting to translate shield...
Elapsed time is 4.322357177734375 seconds.
Directory created successfully: /opt/notebooks/shielding_files_20241117T194759_vb3k6846
/opt/Minigrid2PRISM/build/main -i /opt/notebooks/shielding_files_20241117T194759_vb3k6846/grid.txt -o /opt/notebooks/shielding_files_20241117T194759_vb3k6846/grid.prism
Computing new shield
LOG: Starting with explicit model creation...
Elapsed time is 1.1866226196289062 seconds.
LOG: Starting with model checking...
Elapsed time is 0.1651451587677002 seconds.
LOG: Starting to translate shield...
Elapsed time is 4.0628111362457275 seconds.
Directory created successfully: /opt/notebooks/shielding_files_20241117T194805_0kjbjmiw
/opt/Minigrid2PRISM/build/main -i /opt/notebooks/shielding_files_20241117T194805_0kjbjmiw/grid.txt -o /opt/notebooks/shielding_files_20241117T194805_0kjbjmiw/grid.prism
Computing new shield
LOG: Starting with explicit model creation...
Elapsed time is 1.1720082759857178 seconds.
LOG: Starting with model checking...
Elapsed time is 0.16212058067321777 seconds.
LOG: Starting to translate shield...
Elapsed time is 4.225644111633301 seconds.
Directory created successfully: /opt/notebooks/shielding_files_20241117T194810_cpbw8iu2
/opt/Minigrid2PRISM/build/main -i /opt/notebooks/shielding_files_20241117T194810_cpbw8iu2/grid.txt -o /opt/notebooks/shielding_files_20241117T194810_cpbw8iu2/grid.prism
Computing new shield
LOG: Starting with explicit model creation...
Elapsed time is 1.1848773956298828 seconds.
LOG: Starting with model checking...
Elapsed time is 0.14125919342041016 seconds.
LOG: Starting to translate shield...
Elapsed time is 3.3954973220825195 seconds.
Directory created successfully: /opt/notebooks/shielding_files_20241117T194815_b_e3im38
/opt/Minigrid2PRISM/build/main -i /opt/notebooks/shielding_files_20241117T194815_b_e3im38/grid.txt -o /opt/notebooks/shielding_files_20241117T194815_b_e3im38/grid.prism
Computing new shield
LOG: Starting with explicit model creation...
Elapsed time is 1.1984577178955078 seconds.
LOG: Starting with model checking...
Elapsed time is 0.17477869987487793 seconds.
LOG: Starting to translate shield...
Elapsed time is 3.9788296222686768 seconds.
Image saved as shield_overlay_image.png
The shield for shield_value = 0.0
Image saved as shield_overlay_image.png
The shield for shield_value = 0.9
Image saved as shield_overlay_image.png
The shield for shield_value = 0.99
Image saved as shield_overlay_image.png
The shield for shield_value = 0.999
Image saved as shield_overlay_image.png
The shield for shield_value = 1.0
Training with shield:
Image saved as shield_overlay_image.png
Using cpu device
Wrapping the env with a `Monitor` wrapper
Wrapping the env in a DummyVecEnv.
Wrapping the env in a VecTransposeImage.
-----------------------------------
| info/                |          |
|    no_shield_action  | 0        |
|    sum_collision     | 6        |
|    sum_opened_door   | 0        |
|    sum_picked_up     | 0        |
|    sum_ran_into_lava | 26       |
|    sum_reached_goal  | 0        |
| rollout/             |          |
|    ep_len_mean       | 34.9     |
|    ep_rew_mean       | -1.25    |
| time/                |          |
|    fps               | 218      |
|    iterations        | 1        |
|    time_elapsed      | 9        |
|    total_timesteps   | 2048     |
-----------------------------------
-------------------------------------------
| info/                   |               |
|    no_shield_action     | 0             |
|    sum_collision        | 11            |
|    sum_opened_door      | 0             |
|    sum_picked_up        | 0             |
|    sum_ran_into_lava    | 44            |
|    sum_reached_goal     | 1             |
| rollout/                |               |
|    ep_len_mean          | 37.4          |
|    ep_rew_mean          | -1.23         |
| time/                   |               |
|    fps                  | 149           |
|    iterations           | 2             |
|    time_elapsed         | 27            |
|    total_timesteps      | 4096          |
| train/                  |               |
|    approx_kl            | 0.0076793646  |
|    clip_fraction        | 0.0909        |
|    clip_range           | 0.2           |
|    entropy_loss         | -1.01         |
|    explained_variance   | -0.0038570166 |
|    learning_rate        | 0.0003        |
|    loss                 | 0.0184        |
|    n_updates            | 10            |
|    policy_gradient_loss | -0.0127       |
|    value_loss           | 0.11          |
-------------------------------------------
-----------------------------------------
| info/                   |             |
|    no_shield_action     | 0           |
|    sum_collision        | 11          |
|    sum_opened_door      | 0           |
|    sum_picked_up        | 0           |
|    sum_ran_into_lava    | 48          |
|    sum_reached_goal     | 2           |
| rollout/                |             |
|    ep_len_mean          | 42          |
|    ep_rew_mean          | -1.12       |
| time/                   |             |
|    fps                  | 135         |
|    iterations           | 3           |
|    time_elapsed         | 45          |
|    total_timesteps      | 6144        |
| train/                  |             |
|    approx_kl            | 0.023200683 |
|    clip_fraction        | 0.114       |
|    clip_range           | 0.2         |
|    entropy_loss         | -1          |
|    explained_variance   | 0.04723084  |
|    learning_rate        | 0.0003      |
|    loss                 | -0.0297     |
|    n_updates            | 20          |
|    policy_gradient_loss | -0.0226     |
|    value_loss           | 0.0494      |
-----------------------------------------
-----------------------------------------
| info/                   |             |
|    no_shield_action     | 0           |
|    sum_collision        | 12          |
|    sum_opened_door      | 0           |
|    sum_picked_up        | 0           |
|    sum_ran_into_lava    | 49          |
|    sum_reached_goal     | 2           |
| rollout/                |             |
|    ep_len_mean          | 46          |
|    ep_rew_mean          | -1.06       |
| time/                   |             |
|    fps                  | 129         |
|    iterations           | 4           |
|    time_elapsed         | 63          |
|    total_timesteps      | 8192        |
| train/                  |             |
|    approx_kl            | 0.024781827 |
|    clip_fraction        | 0.249       |
|    clip_range           | 0.2         |
|    entropy_loss         | -0.964      |
|    explained_variance   | -0.25237286 |
|    learning_rate        | 0.0003      |
|    loss                 | -0.0579     |
|    n_updates            | 30          |
|    policy_gradient_loss | -0.0329     |
|    value_loss           | 0.0133      |
-----------------------------------------
-----------------------------------------
| info/                   |             |
|    no_shield_action     | 0           |
|    sum_collision        | 13          |
|    sum_opened_door      | 0           |
|    sum_picked_up        | 0           |
|    sum_ran_into_lava    | 51          |
|    sum_reached_goal     | 2           |
| rollout/                |             |
|    ep_len_mean          | 47.8        |
|    ep_rew_mean          | -1.02       |
| time/                   |             |
|    fps                  | 126         |
|    iterations           | 5           |
|    time_elapsed         | 80          |
|    total_timesteps      | 10240       |
| train/                  |             |
|    approx_kl            | 0.02800823  |
|    clip_fraction        | 0.273       |
|    clip_range           | 0.2         |
|    entropy_loss         | -0.929      |
|    explained_variance   | -0.51007974 |
|    learning_rate        | 0.0003      |
|    loss                 | -0.0902     |
|    n_updates            | 40          |
|    policy_gradient_loss | -0.0517     |
|    value_loss           | 0.0047      |
-----------------------------------------
-----------------------------------------
| info/                   |             |
|    no_shield_action     | 0           |
|    sum_collision        | 13          |
|    sum_opened_door      | 0           |
|    sum_picked_up        | 0           |
|    sum_ran_into_lava    | 51          |
|    sum_reached_goal     | 2           |
| rollout/                |             |
|    ep_len_mean          | 49.1        |
|    ep_rew_mean          | -1.02       |
| time/                   |             |
|    fps                  | 127         |
|    iterations           | 6           |
|    time_elapsed         | 96          |
|    total_timesteps      | 12288       |
| train/                  |             |
|    approx_kl            | 0.036401905 |
|    clip_fraction        | 0.34        |
|    clip_range           | 0.2         |
|    entropy_loss         | -0.887      |
|    explained_variance   | -1.4267468  |
|    learning_rate        | 0.0003      |
|    loss                 | -0.0765     |
|    n_updates            | 50          |
|    policy_gradient_loss | -0.059      |
|    value_loss           | 0.00391     |
-----------------------------------------
-----------------------------------------
| info/                   |             |
|    no_shield_action     | 0           |
|    sum_collision        | 13          |
|    sum_opened_door      | 0           |
|    sum_picked_up        | 0           |
|    sum_ran_into_lava    | 53          |
|    sum_reached_goal     | 2           |
| rollout/                |             |
|    ep_len_mean          | 48.8        |
|    ep_rew_mean          | -1.01       |
| time/                   |             |
|    fps                  | 126         |
|    iterations           | 7           |
|    time_elapsed         | 113         |
|    total_timesteps      | 14336       |
| train/                  |             |
|    approx_kl            | 0.048400704 |
|    clip_fraction        | 0.407       |
|    clip_range           | 0.2         |
|    entropy_loss         | -0.857      |
|    explained_variance   | -0.7157581  |
|    learning_rate        | 0.0003      |
|    loss                 | -0.121      |
|    n_updates            | 60          |
|    policy_gradient_loss | -0.0704     |
|    value_loss           | 0.00318     |
-----------------------------------------
-----------------------------------------
| info/                   |             |
|    no_shield_action     | 0           |
|    sum_collision        | 16          |
|    sum_opened_door      | 0           |
|    sum_picked_up        | 0           |
|    sum_ran_into_lava    | 54          |
|    sum_reached_goal     | 2           |
| rollout/                |             |
|    ep_len_mean          | 48.1        |
|    ep_rew_mean          | -1.02       |
| time/                   |             |
|    fps                  | 125         |
|    iterations           | 8           |
|    time_elapsed         | 130         |
|    total_timesteps      | 16384       |
| train/                  |             |
|    approx_kl            | 0.055224784 |
|    clip_fraction        | 0.433       |
|    clip_range           | 0.2         |
|    entropy_loss         | -0.829      |
|    explained_variance   | -0.915382   |
|    learning_rate        | 0.0003      |
|    loss                 | -0.114      |
|    n_updates            | 70          |
|    policy_gradient_loss | -0.0766     |
|    value_loss           | 0.00317     |
-----------------------------------------
-----------------------------------------
| info/                   |             |
|    no_shield_action     | 0           |
|    sum_collision        | 17          |
|    sum_opened_door      | 0           |
|    sum_picked_up        | 0           |
|    sum_ran_into_lava    | 57          |
|    sum_reached_goal     | 2           |
| rollout/                |             |
|    ep_len_mean          | 48.1        |
|    ep_rew_mean          | -1.05       |
| time/                   |             |
|    fps                  | 123         |
|    iterations           | 9           |
|    time_elapsed         | 149         |
|    total_timesteps      | 18432       |
| train/                  |             |
|    approx_kl            | 0.06902207  |
|    clip_fraction        | 0.456       |
|    clip_range           | 0.2         |
|    entropy_loss         | -0.785      |
|    explained_variance   | 0.031076789 |
|    learning_rate        | 0.0003      |
|    loss                 | -0.107      |
|    n_updates            | 80          |
|    policy_gradient_loss | -0.0761     |
|    value_loss           | 0.00331     |
-----------------------------------------
-----------------------------------------
| info/                   |             |
|    no_shield_action     | 0           |
|    sum_collision        | 18          |
|    sum_opened_door      | 0           |
|    sum_picked_up        | 0           |
|    sum_ran_into_lava    | 60          |
|    sum_reached_goal     | 3           |
| rollout/                |             |
|    ep_len_mean          | 48          |
|    ep_rew_mean          | -1.05       |
| time/                   |             |
|    fps                  | 124         |
|    iterations           | 10          |
|    time_elapsed         | 164         |
|    total_timesteps      | 20480       |
| train/                  |             |
|    approx_kl            | 0.075184196 |
|    clip_fraction        | 0.45        |
|    clip_range           | 0.2         |
|    entropy_loss         | -0.749      |
|    explained_variance   | -0.10331249 |
|    learning_rate        | 0.0003      |
|    loss                 | -0.101      |
|    n_updates            | 90          |
|    policy_gradient_loss | -0.0742     |
|    value_loss           | 0.00327     |
-----------------------------------------
