2024-11-16 21:16:17.950542: E external/local_xla/xla/stream_executor/cuda/cuda_fft.cc:477] Unable to register cuFFT factory: Attempting to register factory for plugin cuFFT when one has already been registered
WARNING: All log messages before absl::InitializeLog() is called are written to STDERR
E0000 00:00:1731791777.972585  382306 cuda_dnn.cc:8310] Unable to register cuDNN factory: Attempting to register factory for plugin cuDNN when one has already been registered
E0000 00:00:1731791777.979666  382306 cuda_blas.cc:1418] Unable to register cuBLAS factory: Attempting to register factory for plugin cuBLAS when one has already been registered
2024-11-16 21:16:18.005634: I tensorflow/core/platform/cpu_feature_guard.cc:210] This TensorFlow binary is optimized to use available CPU instructions in performance-critical operations.
To enable the following instructions: AVX2 FMA, in other operations, rebuild TensorFlow with the appropriate compiler flags.










pygame 2.6.1 (SDL 2.28.4, Python 3.10.4)
Hello from the pygame community. https://www.pygame.org/contribute.html
Starting the training
<PIL.Image.Image image mode=RGB size=480x480 at 0x79CDCF1FA9B0>
Directory created successfully: /opt/notebooks/shielding_files_20241116T211622_zqw9szqq
Computing new shield
LOG: Starting with explicit model creation...
Elapsed time is 0.05260968208312988 seconds.
LOG: Starting with model checking...
Elapsed time is 0.002279996871948242 seconds.
LOG: Starting to translate shield...
Elapsed time is 0.09784603118896484 seconds.
Directory created successfully: /opt/notebooks/shielding_files_20241116T211623_yxhoxs2a
Computing new shield
LOG: Starting with explicit model creation...
Elapsed time is 0.04972696304321289 seconds.
LOG: Starting with model checking...
Elapsed time is 0.0020117759704589844 seconds.
LOG: Starting to translate shield...
Elapsed time is 0.09369492530822754 seconds.
Directory created successfully: /opt/notebooks/shielding_files_20241116T211623_gghmizza
Computing new shield
LOG: Starting with explicit model creation...
Elapsed time is 0.04977560043334961 seconds.
LOG: Starting with model checking...
Elapsed time is 0.0019991397857666016 seconds.
LOG: Starting to translate shield...
Elapsed time is 0.09333157539367676 seconds.
Directory created successfully: /opt/notebooks/shielding_files_20241116T211623_vjj0tvwt
Computing new shield
LOG: Starting with explicit model creation...
Elapsed time is 0.050104618072509766 seconds.
LOG: Starting with model checking...
Elapsed time is 0.002077341079711914 seconds.
LOG: Starting to translate shield...
Elapsed time is 0.09343290328979492 seconds.
Directory created successfully: /opt/notebooks/shielding_files_20241116T211623_7v09n8bu
Computing new shield
LOG: Starting with explicit model creation...
Elapsed time is 0.04987907409667969 seconds.
LOG: Starting with model checking...
Elapsed time is 0.0020139217376708984 seconds.
LOG: Starting to translate shield...
Elapsed time is 0.10367012023925781 seconds.
Image saved as shield_overlay_image.png
The shield for shield_value = 0.0
Image saved as shield_overlay_image.png
The shield for shield_value = 0.9
Image saved as shield_overlay_image.png
The shield for shield_value = 0.99
Image saved as shield_overlay_image.png
The shield for shield_value = 0.999
Image saved as shield_overlay_image.png
The shield for shield_value = 1.0
Training with shield:
Image saved as shield_overlay_image.png
Using cpu device
Wrapping the env with a `Monitor` wrapper
Wrapping the env in a DummyVecEnv.
Wrapping the env in a VecTransposeImage.
-----------------------------------
| info/                |          |
|    no_shield_action  | 0        |
|    sum_opened_door   | 0        |
|    sum_picked_up     | 0        |
|    sum_ran_into_lava | 57       |
|    sum_reached_goal  | 6        |
| rollout/             |          |
|    ep_len_mean       | 31.4     |
|    ep_rew_mean       | -0.81    |
| time/                |          |
|    fps               | 52       |
|    iterations        | 1        |
|    time_elapsed      | 39       |
|    total_timesteps   | 2048     |
-----------------------------------
------------------------------------------
| info/                   |              |
|    no_shield_action     | 0            |
|    sum_opened_door      | 0            |
|    sum_picked_up        | 0            |
|    sum_ran_into_lava    | 103          |
|    sum_reached_goal     | 6            |
| rollout/                |              |
|    ep_len_mean          | 37.6         |
|    ep_rew_mean          | -0.92        |
| time/                   |              |
|    fps                  | 8            |
|    iterations           | 2            |
|    time_elapsed         | 475          |
|    total_timesteps      | 4096         |
| train/                  |              |
|    approx_kl            | 0.008610413  |
|    clip_fraction        | 0.091        |
|    clip_range           | 0.2          |
|    entropy_loss         | -1.09        |
|    explained_variance   | -0.010177016 |
|    learning_rate        | 0.0003       |
|    loss                 | 0.0639       |
|    n_updates            | 10           |
|    policy_gradient_loss | -0.0119      |
|    value_loss           | 0.316        |
------------------------------------------
----------------------------------------
| info/                   |            |
|    no_shield_action     | 0          |
|    sum_opened_door      | 0          |
|    sum_picked_up        | 0          |
|    sum_ran_into_lava    | 129        |
|    sum_reached_goal     | 8          |
| rollout/                |            |
|    ep_len_mean          | 50.5       |
|    ep_rew_mean          | -0.91      |
| time/                   |            |
|    fps                  | 7          |
|    iterations           | 3          |
|    time_elapsed         | 830        |
|    total_timesteps      | 6144       |
| train/                  |            |
|    approx_kl            | 0.02378957 |
|    clip_fraction        | 0.232      |
|    clip_range           | 0.2        |
|    entropy_loss         | -1.07      |
|    explained_variance   | 0.12924021 |
|    learning_rate        | 0.0003     |
|    loss                 | -0.0309    |
|    n_updates            | 20         |
|    policy_gradient_loss | -0.041     |
|    value_loss           | 0.0724     |
----------------------------------------
